<?xml version="1.0" encoding="UTF-8"?>
<!-- Generated by org.testng.reporters.JUnitXMLReporter -->
<testsuite hostname="DESKTOP-56PK204" ignored="0" name="Default test" tests="3" failures="0" timestamp="18 Dec 2020 07:18:42 GMT" time="0.136" errors="0">
  <testcase name="teamUserOnetc1" time="0.032" classname="org.github.GitHubBranchCheckInOut"/>
  <testcase name="teamUserThreetc3" time="0.008" classname="org.github.GitHubBranchCheckInOut"/>
  <testcase name="teamUserTwotc2" time="0.008" classname="org.github.GitHubBranchCheckInOut"/>
</testsuite> <!-- Default test -->
