<?xml version="1.0" encoding="UTF-8"?>
<testng-results skipped="0" failed="0" ignored="0" total="3" passed="3">
  <reporter-output>
  </reporter-output>
  <suite name="Default suite" duration-ms="136" started-at="2020-12-18T07:18:42Z" finished-at="2020-12-18T07:18:42Z">
    <groups>
    </groups>
    <test name="Default test" duration-ms="136" started-at="2020-12-18T07:18:42Z" finished-at="2020-12-18T07:18:42Z">
      <class name="org.github.GitHubBranchCheckInOut">
        <test-method status="PASS" signature="teamUserOnetc1()[pri:0, instance:org.github.GitHubBranchCheckInOut@4cc0edeb]" name="teamUserOnetc1" duration-ms="32" started-at="2020-12-18T07:18:42Z" finished-at="2020-12-18T07:18:42Z">
          <reporter-output>
          </reporter-output>
        </test-method> <!-- teamUserOnetc1 -->
        <test-method status="PASS" signature="teamUserThreetc3()[pri:0, instance:org.github.GitHubBranchCheckInOut@4cc0edeb]" name="teamUserThreetc3" duration-ms="8" started-at="2020-12-18T07:18:42Z" finished-at="2020-12-18T07:18:42Z">
          <reporter-output>
          </reporter-output>
        </test-method> <!-- teamUserThreetc3 -->
        <test-method status="PASS" signature="teamUserTwotc2()[pri:0, instance:org.github.GitHubBranchCheckInOut@4cc0edeb]" name="teamUserTwotc2" duration-ms="8" started-at="2020-12-18T07:18:42Z" finished-at="2020-12-18T07:18:42Z">
          <reporter-output>
          </reporter-output>
        </test-method> <!-- teamUserTwotc2 -->
      </class> <!-- org.github.GitHubBranchCheckInOut -->
    </test> <!-- Default test -->
  </suite> <!-- Default suite -->
</testng-results>
